<?xml version="1.0" encoding="UTF-8"?>
<coverage generated="1677634198540" clover="3.2.0">
  <project timestamp="1677634198541" name="All files">
    <metrics statements="29" coveredstatements="21" conditionals="16" coveredconditionals="10" methods="10" coveredmethods="8" elements="55" coveredelements="39" complexity="0" loc="29" ncloc="29" packages="1" files="1" classes="1"/>
    <file name="ContaBancaria.ts" path="D:\Backup\htdocs\revisando-poo\src\models\ContaBancaria.ts">
      <metrics statements="29" coveredstatements="21" conditionals="16" coveredconditionals="10" methods="10" coveredmethods="8"/>
      <line num="1" count="1" type="stmt"/>
      <line num="8" count="5" type="stmt"/>
      <line num="9" count="5" type="cond" truecount="2" falsecount="0"/>
      <line num="10" count="5" type="cond" truecount="2" falsecount="0"/>
      <line num="15" count="2" type="stmt"/>
      <line num="19" count="0" type="cond" truecount="0" falsecount="2"/>
      <line num="20" count="0" type="stmt"/>
      <line num="22" count="0" type="stmt"/>
      <line num="27" count="2" type="stmt"/>
      <line num="31" count="0" type="cond" truecount="0" falsecount="2"/>
      <line num="32" count="0" type="stmt"/>
      <line num="34" count="0" type="stmt"/>
      <line num="39" count="3" type="stmt"/>
      <line num="43" count="4" type="cond" truecount="1" falsecount="1"/>
      <line num="44" count="4" type="stmt"/>
      <line num="46" count="0" type="stmt"/>
      <line num="51" count="1" type="cond" truecount="3" falsecount="1"/>
      <line num="52" count="1" type="stmt"/>
      <line num="54" count="0" type="stmt"/>
      <line num="59" count="5" type="stmt"/>
      <line num="60" count="5" type="cond" truecount="1" falsecount="0"/>
      <line num="61" count="1" type="stmt"/>
      <line num="62" count="1" type="stmt"/>
      <line num="64" count="4" type="stmt"/>
      <line num="68" count="5" type="stmt"/>
      <line num="69" count="5" type="cond" truecount="1" falsecount="0"/>
      <line num="70" count="1" type="stmt"/>
      <line num="71" count="1" type="stmt"/>
      <line num="73" count="4" type="stmt"/>
    </file>
  </project>
</coverage>
