TN:
SF:src\models\ContaBancaria.ts
FN:7,(anonymous_0)
FN:14,(anonymous_1)
FN:18,(anonymous_2)
FN:26,(anonymous_3)
FN:30,(anonymous_4)
FN:38,(anonymous_5)
FN:42,(anonymous_6)
FN:50,(anonymous_7)
FN:58,(anonymous_8)
FN:67,(anonymous_9)
FNF:10
FNH:8
FNDA:5,(anonymous_0)
FNDA:2,(anonymous_1)
FNDA:0,(anonymous_2)
FNDA:2,(anonymous_3)
FNDA:0,(anonymous_4)
FNDA:3,(anonymous_5)
FNDA:4,(anonymous_6)
FNDA:1,(anonymous_7)
FNDA:5,(anonymous_8)
FNDA:5,(anonymous_9)
DA:1,1
DA:8,5
DA:9,5
DA:10,5
DA:15,2
DA:19,0
DA:20,0
DA:22,0
DA:27,2
DA:31,0
DA:32,0
DA:34,0
DA:39,3
DA:43,4
DA:44,4
DA:46,0
DA:51,1
DA:52,1
DA:54,0
DA:59,5
DA:60,5
DA:61,1
DA:62,1
DA:64,4
DA:68,5
DA:69,5
DA:70,1
DA:71,1
DA:73,4
LF:29
LH:21
BRDA:9,0,0,1
BRDA:9,0,1,4
BRDA:10,1,0,1
BRDA:10,1,1,4
BRDA:19,2,0,0
BRDA:19,2,1,0
BRDA:31,3,0,0
BRDA:31,3,1,0
BRDA:43,4,0,4
BRDA:43,4,1,0
BRDA:51,5,0,1
BRDA:51,5,1,0
BRDA:51,6,0,1
BRDA:51,6,1,1
BRDA:60,7,0,1
BRDA:69,8,0,1
BRF:16
BRH:10
end_of_record
